<?xml version="1.0" encoding="UTF-8"?>
<!-- Generated by org.testng.reporters.JUnitXMLReporter -->
<testsuite ignored="2" hostname="DESKTOP-DIHMO9R" failures="2" tests="6" name="Surefire test" time="28.81" errors="0" timestamp="2023-05-05T10:53:14 ICT">
  <testcase classname="test.AdminLoginTest" name="TC_02" time="1.689"/>
  <testcase classname="test.AdminLoginTest" name="TC_03" time="2.888"/>
  <testcase classname="test.AdminLoginTest" name="TC_04" time="1.154"/>
  <testcase classname="test.AdminLoginTest" name="TC_05" time="11.354">
    <failure type="org.openqa.selenium.TimeoutException" message="Expected condition failed: waiting for visibility of Proxy element for: DefaultElementLocator &amp;apos;By.xpath: //a[text()=&amp;apos;Logoff&amp;apos;]&amp;apos; (tried for 10 second(s) with 100 milliseconds interval)">
      <![CDATA[org.openqa.selenium.TimeoutException: Expected condition failed: waiting for visibility of Proxy element for: DefaultElementLocator 'By.xpath: //a[text()='Logoff']' (tried for 10 second(s) with 100 milliseconds interval)
at org.openqa.selenium.support.ui.WebDriverWait.timeoutException(WebDriverWait.java:87)
at org.openqa.selenium.support.ui.FluentWait.until(FluentWait.java:231)
at page.IndexPage.verifyLogoffLink(IndexPage.java:18)
at test.AdminLoginTest.TC_05(AdminLoginTest.java:68)
at java.base/java.util.ArrayList.forEach(ArrayList.java:1511)
Caused by: org.openqa.selenium.NoSuchElementException: no such element: Unable to locate element: {"method":"xpath","selector":"//a[text()='Logoff']"}
  (Session info: chrome=112.0.5615.138)
For documentation on this error, please visit: https://selenium.dev/exceptions/#no_such_element
Build info: version: '4.8.0', revision: '267030adea'
System info: os.name: 'Windows 10', os.arch: 'amd64', os.version: '10.0', java.version: '17.0.6'
Driver info: org.openqa.selenium.remote.RemoteWebDriver
Command: [96cd080335af9c3d241773ae68a1c1a9, findElement {using=xpath, value=//a[text()='Logoff']}]
Capabilities {acceptInsecureCerts: false, browserName: chrome, browserVersion: 112.0.5615.138, chrome: {chromedriverVersion: 112.0.5615.49 (bd2a7bcb881c..., userDataDir: C:\Users\THINKP~1\AppData\L...}, goog:chromeOptions: {debuggerAddress: localhost:59345}, networkConnectionEnabled: false, pageLoadStrategy: normal, platformName: Windows 10, proxy: Proxy(), se:bidiEnabled: false, se:cdp: ws://192.168.137.1:4444/ses..., se:cdpVersion: 112.0.5615.138, setWindowRect: true, strictFileInteractability: false, timeouts: {implicit: 0, pageLoad: 300000, script: 30000}, unhandledPromptBehavior: dismiss and notify, webauthn:extension:credBlob: true, webauthn:extension:largeBlob: true, webauthn:extension:minPinLength: true, webauthn:extension:prf: true, webauthn:virtualAuthenticators: true}
Session ID: 96cd080335af9c3d241773ae68a1c1a9
at org.openqa.selenium.remote.codec.w3c.W3CHttpResponseCodec.createException(W3CHttpResponseCodec.java:200)
at org.openqa.selenium.remote.codec.w3c.W3CHttpResponseCodec.decode(W3CHttpResponseCodec.java:133)
at org.openqa.selenium.remote.codec.w3c.W3CHttpResponseCodec.decode(W3CHttpResponseCodec.java:53)
at org.openqa.selenium.remote.HttpCommandExecutor.execute(HttpCommandExecutor.java:184)
at org.openqa.selenium.remote.TracedCommandExecutor.execute(TracedCommandExecutor.java:51)
at org.openqa.selenium.remote.RemoteWebDriver.execute(RemoteWebDriver.java:543)
at org.openqa.selenium.remote.ElementLocation$ElementFinder$2.findElement(ElementLocation.java:162)
at org.openqa.selenium.remote.ElementLocation.findElement(ElementLocation.java:60)
at org.openqa.selenium.remote.RemoteWebDriver.findElement(RemoteWebDriver.java:352)
at org.openqa.selenium.remote.RemoteWebDriver.findElement(RemoteWebDriver.java:344)
at org.openqa.selenium.support.pagefactory.DefaultElementLocator.findElement(DefaultElementLocator.java:70)
at org.openqa.selenium.support.pagefactory.internal.LocatingElementHandler.invoke(LocatingElementHandler.java:39)
at jdk.proxy2/jdk.proxy2.$Proxy23.isDisplayed(Unknown Source)
at org.openqa.selenium.support.ui.ExpectedConditions.elementIfVisible(ExpectedConditions.java:307)
at org.openqa.selenium.support.ui.ExpectedConditions.access$000(ExpectedConditions.java:40)
at org.openqa.selenium.support.ui.ExpectedConditions$10.apply(ExpectedConditions.java:293)
at org.openqa.selenium.support.ui.ExpectedConditions$10.apply(ExpectedConditions.java:290)
at org.openqa.selenium.support.ui.FluentWait.until(FluentWait.java:208)
... 34 more
... Removed 35 stack frames]]>
    </failure>
  </testcase> <!-- TC_05 -->
  <testcase classname="test.AdminLoginTest" name="TC_06" time="0.914"/>
  <testcase classname="test.AdminLoginTest" name="TC_07" time="1.874">
    <failure type="java.lang.AssertionError" message="expected [ Error: Invalid administrator login attempt.] but found [ Error: The maximum number of login attempts has been reached. Please try again in 5 minutes.]">
      <![CDATA[java.lang.AssertionError: expected [ Error: Invalid administrator login attempt.] but found [ Error: The maximum number of login attempts has been reached. Please try again in 5 minutes.]
at page.AdminLogin.verifyMessageError(AdminLogin.java:63)
at test.AdminLoginTest.TC_07(AdminLoginTest.java:92)
at java.base/java.util.ArrayList.forEach(ArrayList.java:1511)
... Removed 37 stack frames]]>
    </failure>
  </testcase> <!-- TC_07 -->
  <testcase classname="core.BaseTest" name="@BeforeTest parallelTest" time="0.0">
    <ignored/>
  </testcase> <!-- @BeforeTest parallelTest -->
  <testcase classname="core.BaseTest" name="@AfterTest afterTest" time="0.0">
    <ignored/>
  </testcase> <!-- @AfterTest afterTest -->
</testsuite> <!-- Surefire test -->
