<?xml version="1.0" encoding="UTF-8"?>
<testsuite xmlns:xsi="http://www.w3.org/2001/XMLSchema-instance" xsi:noNamespaceSchemaLocation="https://maven.apache.org/surefire/maven-surefire-plugin/xsd/surefire-test-report.xsd" name="TestSuite" time="31.077" tests="6" errors="0" skipped="0" failures="2">
  <properties>
    <property name="java.specification.version" value="17"/>
    <property name="sun.cpu.isalist" value="amd64"/>
    <property name="sun.jnu.encoding" value="Cp1252"/>
    <property name="java.class.path" value="D:\FresherAutomationTest\Maven\apache-maven-3.9.0\boot\plexus-classworlds-2.6.0.jar"/>
    <property name="java.vm.vendor" value="Amazon.com Inc."/>
    <property name="sun.arch.data.model" value="64"/>
    <property name="user.variant" value=""/>
    <property name="java.vendor.url" value="https://aws.amazon.com/corretto/"/>
    <property name="user.timezone" value="Asia/Saigon"/>
    <property name="user.country.format" value="VN"/>
    <property name="maven.conf" value="D:\FresherAutomationTest\Maven\apache-maven-3.9.0/conf"/>
    <property name="java.vm.specification.version" value="17"/>
    <property name="os.name" value="Windows 10"/>
    <property name="sun.java.launcher" value="SUN_STANDARD"/>
    <property name="user.country" value="US"/>
    <property name="sun.boot.library.path" value="C:\Users\ThinkPad X1\.jdks\corretto-17.0.6\bin"/>
    <property name="sun.java.command" value="org.codehaus.plexus.classworlds.launcher.Launcher clean test"/>
    <property name="jdk.debug" value="release"/>
    <property name="maven.home" value="D:\FresherAutomationTest\Maven\apache-maven-3.9.0"/>
    <property name="sun.cpu.endian" value="little"/>
    <property name="user.home" value="C:\Users\ThinkPad X1"/>
    <property name="user.language" value="en"/>
    <property name="sun.stderr.encoding" value="cp437"/>
    <property name="java.specification.vendor" value="Oracle Corporation"/>
    <property name="java.version.date" value="2023-01-17"/>
    <property name="java.home" value="C:\Users\ThinkPad X1\.jdks\corretto-17.0.6"/>
    <property name="file.separator" value="\"/>
    <property name="java.vm.compressedOopsMode" value="Zero based"/>
    <property name="line.separator" value="&#10;"/>
    <property name="sun.stdout.encoding" value="cp437"/>
    <property name="java.vm.specification.vendor" value="Oracle Corporation"/>
    <property name="java.specification.name" value="Java Platform API Specification"/>
    <property name="user.script" value=""/>
    <property name="sun.management.compiler" value="HotSpot 64-Bit Tiered Compilers"/>
    <property name="java.runtime.version" value="17.0.6+10-LTS"/>
    <property name="user.name" value="ThinkPad X1"/>
    <property name="path.separator" value=";"/>
    <property name="os.version" value="10.0"/>
    <property name="java.runtime.name" value="OpenJDK Runtime Environment"/>
    <property name="file.encoding" value="Cp1252"/>
    <property name="guice.disable.misplaced.annotation.check" value="true"/>
    <property name="java.vm.name" value="OpenJDK 64-Bit Server VM"/>
    <property name="java.vendor.version" value="Corretto-17.0.6.10.1"/>
    <property name="java.vendor.url.bug" value="https://github.com/corretto/corretto-17/issues/"/>
    <property name="java.io.tmpdir" value="C:\Users\THINKP~1\AppData\Local\Temp\"/>
    <property name="java.version" value="17.0.6"/>
    <property name="user.dir" value="D:\FresherAutomationTest\AutoWeb\DaoDQ_AssignmentProject2"/>
    <property name="os.arch" value="amd64"/>
    <property name="maven.multiModuleProjectDirectory" value="D:\FresherAutomationTest\AutoWeb\DaoDQ_AssignmentProject2"/>
    <property name="java.vm.specification.name" value="Java Virtual Machine Specification"/>
    <property name="user.language.format" value="vi"/>
    <property name="sun.os.patch.level" value=""/>
    <property name="native.encoding" value="Cp1252"/>
    <property name="java.library.path" value="C:\Users\ThinkPad X1\.jdks\corretto-17.0.6\bin;C:\WINDOWS\Sun\Java\bin;C:\WINDOWS\system32;C:\WINDOWS;C:\Python311\Scripts\;C:\Python311\;C:\WINDOWS\system32;C:\WINDOWS;C:\WINDOWS\System32\Wbem;C:\WINDOWS\System32\WindowsPowerShell\v1.0\;C:\WINDOWS\System32\OpenSSH\;C:\Program Files\Git\cmd;C:\xampp\php;C:\ProgramData\ComposerSetup\bin;C:\Users\UserName\AppData\Local\Android\Sdk\platform-tools;C:\Program Files (x86)\Microsoft SQL Server\150\DTS\Binn\;C:\Program Files\Azure Data Studio\bin;C:\Program Files (x86)\Microsoft SQL Server\160\Tools\Binn\;C:\Program Files\Microsoft SQL Server\160\Tools\Binn\;C:\Program Files\Microsoft SQL Server\Client SDK\ODBC\170\Tools\Binn\;C:\Program Files\Microsoft SQL Server\160\DTS\Binn\;D:\FresherAutomationTest\Maven\apache-maven-3.9.0\bin;C:\Users\ThinkPad X1\.jdks\corretto-17.0.6\bin;D:\AndroidEnv\Android\Sdk\emulator;D:\AndroidEnv\Android\Sdk\tools\bin;D:\AndroidEnv\Android\Sdk\tools;D:\AndroidEnv\Android\Sdk\platform-tools;D:\nodejs\;C:\ProgramData\chocolatey\bin;D:\FresherAutomationTest\allure-2.8.0\bin;D:\Python\Scripts\;D:\Python\;C:\Users\ThinkPad X1\AppData\Local\Microsoft\WindowsApps;C:\Users\ThinkPad X1\AppData\Local\Programs\Microsoft VS Code\bin;C:\Users\ThinkPad X1\AppData\Roaming\Composer\vendor\bin;C:\src\flutter\bin;C:\Users\UserName\AppData\Local\Android\Sdk\platform-tools;;C:\Program Files\Azure Data Studio\bin;C:\Users\ThinkPad X1\AppData\Roaming\npm;."/>
    <property name="java.vm.info" value="mixed mode, sharing"/>
    <property name="java.vendor" value="Amazon.com Inc."/>
    <property name="java.vm.version" value="17.0.6+10-LTS"/>
    <property name="classworlds.conf" value="D:\FresherAutomationTest\Maven\apache-maven-3.9.0\bin\m2.conf"/>
    <property name="sun.io.unicode.encoding" value="UnicodeLittle"/>
    <property name="library.jansi.path" value="D:\FresherAutomationTest\Maven\apache-maven-3.9.0\lib\jansi-native"/>
    <property name="java.class.version" value="61.0"/>
  </properties>
  <testcase name="TC_02" classname="test.AdminLoginTest" time="2.041"/>
  <testcase name="TC_03" classname="test.AdminLoginTest" time="2.891"/>
  <testcase name="TC_04" classname="test.AdminLoginTest" time="1.156"/>
  <testcase name="TC_05" classname="test.AdminLoginTest" time="11.377">
    <failure message="Expected condition failed: waiting for visibility of Proxy element for: DefaultElementLocator &apos;By.xpath: //a[text()=&apos;Logoff&apos;]&apos; (tried for 10 second(s) with 100 milliseconds interval)" type="org.openqa.selenium.TimeoutException">org.openqa.selenium.TimeoutException: Expected condition failed: waiting for visibility of Proxy element for: DefaultElementLocator 'By.xpath: //a[text()='Logoff']' (tried for 10 second(s) with 100 milliseconds interval)
	at test.AdminLoginTest.TC_05(AdminLoginTest.java:68)
Caused by: org.openqa.selenium.NoSuchElementException: 
no such element: Unable to locate element: {"method":"xpath","selector":"//a[text()='Logoff']"}
  (Session info: chrome=112.0.5615.138)
For documentation on this error, please visit: https://selenium.dev/exceptions/#no_such_element
Build info: version: '4.8.0', revision: '267030adea'
System info: os.name: 'Windows 10', os.arch: 'amd64', os.version: '10.0', java.version: '17.0.6'
Driver info: org.openqa.selenium.remote.RemoteWebDriver
Command: [96cd080335af9c3d241773ae68a1c1a9, findElement {using=xpath, value=//a[text()='Logoff']}]
Capabilities {acceptInsecureCerts: false, browserName: chrome, browserVersion: 112.0.5615.138, chrome: {chromedriverVersion: 112.0.5615.49 (bd2a7bcb881c..., userDataDir: C:\Users\THINKP~1\AppData\L...}, goog:chromeOptions: {debuggerAddress: localhost:59345}, networkConnectionEnabled: false, pageLoadStrategy: normal, platformName: Windows 10, proxy: Proxy(), se:bidiEnabled: false, se:cdp: ws://192.168.137.1:4444/ses..., se:cdpVersion: 112.0.5615.138, setWindowRect: true, strictFileInteractability: false, timeouts: {implicit: 0, pageLoad: 300000, script: 30000}, unhandledPromptBehavior: dismiss and notify, webauthn:extension:credBlob: true, webauthn:extension:largeBlob: true, webauthn:extension:minPinLength: true, webauthn:extension:prf: true, webauthn:virtualAuthenticators: true}
Session ID: 96cd080335af9c3d241773ae68a1c1a9
	at test.AdminLoginTest.TC_05(AdminLoginTest.java:68)
</failure>
    <system-out><![CDATA[============================
TEST CASE PASS
Info: TC_04
RemoteWebDriver: chrome on Windows 10 (96cd080335af9c3d241773ae68a1c1a9)
============================
Test result: [TestResult name=TC_04 status=SUCCESS method=AdminLoginTest.TC_04()[pri:0, instance:test.AdminLoginTest@69ce2f62] output={null}]
Test context: org.testng.TestRunner@3b0c38f2
]]></system-out>
  </testcase>
  <testcase name="TC_06" classname="test.AdminLoginTest" time="0.918"/>
  <testcase name="TC_07" classname="test.AdminLoginTest" time="1.903">
    <failure message="expected [ Error: Invalid administrator login attempt.] but found [ Error: The maximum number of login attempts has been reached. Please try again in 5 minutes.]" type="java.lang.AssertionError">java.lang.AssertionError: expected [ Error: Invalid administrator login attempt.] but found [ Error: The maximum number of login attempts has been reached. Please try again in 5 minutes.]
	at test.AdminLoginTest.TC_07(AdminLoginTest.java:92)
</failure>
    <system-out><![CDATA[============================
TEST CASE PASS
Info: TC_06
RemoteWebDriver: chrome on Windows 10 (96cd080335af9c3d241773ae68a1c1a9)
============================
Test result: [TestResult name=TC_06 status=SUCCESS method=AdminLoginTest.TC_06(java.lang.String,java.lang.String)[pri:0, instance:test.AdminLoginTest@69ce2f62] output={null}]
Test context: org.testng.TestRunner@3b0c38f2
]]></system-out>
  </testcase>
</testsuite>